2022-08-09 09:28:27,554 INFO org.springframework.boot.StartupInfoLogger [main] Starting DeliveryApiApplication using Java 11.0.11 on DESKTOP-7VUUI6T with PID 14560 (C:\Users\Rayben\Desktop\AA2_Acceso-a-datos-reac\target\classes started by Rayben in C:\Users\Rayben\Desktop\AA2_Acceso-a-datos-reac)
2022-08-09 09:28:27,554 INFO org.hibernate.validator.internal.util.Version [background-preinit] HV000001: Hibernate Validator 6.2.2.Final
2022-08-09 09:28:27,561 INFO org.springframework.boot.SpringApplication [main] No active profile set, falling back to 1 default profile: "default"
2022-08-09 09:28:28,798 INFO org.springframework.data.repository.config.RepositoryConfigurationDelegate [main] Multiple Spring Data modules found, entering strict repository configuration mode!
2022-08-09 09:28:28,800 INFO org.springframework.data.repository.config.RepositoryConfigurationDelegate [main] Bootstrapping Spring Data JPA repositories in DEFAULT mode.
2022-08-09 09:28:28,909 INFO org.springframework.data.repository.config.RepositoryConfigurationExtensionSupport [main] Spring Data JPA - Could not safely identify store assignment for repository candidate interface com.svalero.deliveryAPI.repository.OrderRepository. If you want this repository to be a JPA repository, consider annotating your entities with one of these annotations: javax.persistence.Entity, javax.persistence.MappedSuperclass (preferred), or consider extending one of the following types with your repository: org.springframework.data.jpa.repository.JpaRepository.
2022-08-09 09:28:28,918 INFO org.springframework.data.repository.config.RepositoryConfigurationExtensionSupport [main] Spring Data JPA - Could not safely identify store assignment for repository candidate interface com.svalero.deliveryAPI.repository.RestaurantRepository. If you want this repository to be a JPA repository, consider annotating your entities with one of these annotations: javax.persistence.Entity, javax.persistence.MappedSuperclass (preferred), or consider extending one of the following types with your repository: org.springframework.data.jpa.repository.JpaRepository.
2022-08-09 09:28:28,927 INFO org.springframework.data.repository.config.RepositoryConfigurationExtensionSupport [main] Spring Data JPA - Could not safely identify store assignment for repository candidate interface com.svalero.deliveryAPI.repository.RiderRepository. If you want this repository to be a JPA repository, consider annotating your entities with one of these annotations: javax.persistence.Entity, javax.persistence.MappedSuperclass (preferred), or consider extending one of the following types with your repository: org.springframework.data.jpa.repository.JpaRepository.
2022-08-09 09:28:28,933 INFO org.springframework.data.repository.config.RepositoryConfigurationExtensionSupport [main] Spring Data JPA - Could not safely identify store assignment for repository candidate interface com.svalero.deliveryAPI.repository.UserRepository. If you want this repository to be a JPA repository, consider annotating your entities with one of these annotations: javax.persistence.Entity, javax.persistence.MappedSuperclass (preferred), or consider extending one of the following types with your repository: org.springframework.data.jpa.repository.JpaRepository.
2022-08-09 09:28:28,936 INFO org.springframework.data.repository.config.RepositoryConfigurationDelegate [main] Finished Spring Data repository scanning in 111 ms. Found 0 JPA repository interfaces.
2022-08-09 09:28:28,999 INFO org.springframework.data.repository.config.RepositoryConfigurationDelegate [main] Multiple Spring Data modules found, entering strict repository configuration mode!
2022-08-09 09:28:28,999 INFO org.springframework.data.repository.config.RepositoryConfigurationDelegate [main] Bootstrapping Spring Data Reactive MongoDB repositories in DEFAULT mode.
2022-08-09 09:28:29,100 INFO org.springframework.data.repository.config.RepositoryConfigurationDelegate [main] Finished Spring Data repository scanning in 100 ms. Found 4 Reactive MongoDB repository interfaces.
2022-08-09 09:28:30,357 INFO org.springframework.boot.web.embedded.tomcat.TomcatWebServer [main] Tomcat initialized with port(s): 8080 (http)
2022-08-09 09:28:30,380 INFO org.apache.juli.logging.DirectJDKLog [main] Initializing ProtocolHandler ["http-nio-8080"]
2022-08-09 09:28:30,381 INFO org.apache.juli.logging.DirectJDKLog [main] Starting service [Tomcat]
2022-08-09 09:28:30,381 INFO org.apache.juli.logging.DirectJDKLog [main] Starting Servlet engine: [Apache Tomcat/9.0.58]
2022-08-09 09:28:30,614 INFO org.apache.juli.logging.DirectJDKLog [main] Initializing Spring embedded WebApplicationContext
2022-08-09 09:28:30,615 INFO org.springframework.boot.web.servlet.context.ServletWebServerApplicationContext [main] Root WebApplicationContext: initialization completed in 2986 ms
2022-08-09 09:28:30,857 INFO com.zaxxer.hikari.HikariDataSource [main] HikariPool-1 - Starting...
2022-08-09 09:28:31,096 INFO com.zaxxer.hikari.HikariDataSource [main] HikariPool-1 - Start completed.
2022-08-09 09:28:31,184 INFO org.hibernate.jpa.internal.util.LogHelper [main] HHH000204: Processing PersistenceUnitInfo [name: default]
2022-08-09 09:28:31,291 INFO org.hibernate.Version [main] HHH000412: Hibernate ORM core version 5.6.5.Final
2022-08-09 09:28:31,596 INFO org.hibernate.annotations.common.reflection.java.JavaReflectionManager [main] HCANN000001: Hibernate Commons Annotations {5.1.2.Final}
2022-08-09 09:28:31,907 INFO org.hibernate.dialect.Dialect [main] HHH000400: Using dialect: org.hibernate.dialect.H2Dialect
2022-08-09 09:28:32,385 INFO org.hibernate.engine.transaction.jta.platform.internal.JtaPlatformInitiator [main] HHH000490: Using JtaPlatform implementation: [org.hibernate.engine.transaction.jta.platform.internal.NoJtaPlatform]
2022-08-09 09:28:32,399 INFO org.springframework.orm.jpa.AbstractEntityManagerFactoryBean [main] Initialized JPA EntityManagerFactory for persistence unit 'default'
2022-08-09 09:28:32,825 INFO com.mongodb.diagnostics.logging.SLF4JLogger [main] Cluster created with settings {hosts=[localhost:27017], mode=SINGLE, requiredClusterType=UNKNOWN, serverSelectionTimeout='30000 ms'}
2022-08-09 09:28:33,648 INFO com.mongodb.diagnostics.logging.SLF4JLogger [cluster-rtt-ClusterId{value='62f20ca01156ad2310fcce53', description='null'}-localhost:27017] Opened connection [connectionId{localValue:2, serverValue:20}] to localhost:27017
2022-08-09 09:28:33,648 INFO com.mongodb.diagnostics.logging.SLF4JLogger [cluster-ClusterId{value='62f20ca01156ad2310fcce53', description='null'}-localhost:27017] Opened connection [connectionId{localValue:1, serverValue:21}] to localhost:27017
2022-08-09 09:28:33,650 INFO com.mongodb.diagnostics.logging.SLF4JLogger [cluster-ClusterId{value='62f20ca01156ad2310fcce53', description='null'}-localhost:27017] Monitor thread successfully connected to server with description ServerDescription{address=localhost:27017, type=STANDALONE, state=CONNECTED, ok=true, minWireVersion=0, maxWireVersion=17, maxDocumentSize=16777216, logicalSessionTimeoutMinutes=30, roundTripTimeNanos=98923000}
2022-08-09 09:28:33,699 WARN org.springframework.boot.autoconfigure.orm.jpa.JpaBaseConfiguration$JpaWebConfiguration [main] spring.jpa.open-in-view is enabled by default. Therefore, database queries may be performed during view rendering. Explicitly configure spring.jpa.open-in-view to disable this warning
2022-08-09 09:28:34,206 INFO org.apache.juli.logging.DirectJDKLog [main] Starting ProtocolHandler ["http-nio-8080"]
2022-08-09 09:28:34,223 INFO org.springframework.boot.web.embedded.tomcat.TomcatWebServer [main] Tomcat started on port(s): 8080 (http) with context path ''
2022-08-09 09:28:34,235 INFO org.springframework.boot.StartupInfoLogger [main] Started DeliveryApiApplication in 7.365 seconds (JVM running for 8.621)
2022-08-09 09:28:53,906 INFO org.apache.juli.logging.DirectJDKLog [http-nio-8080-exec-2] Initializing Spring DispatcherServlet 'dispatcherServlet'
2022-08-09 09:28:53,907 INFO org.springframework.web.servlet.FrameworkServlet [http-nio-8080-exec-2] Initializing Servlet 'dispatcherServlet'
2022-08-09 09:28:53,909 INFO org.springframework.web.servlet.FrameworkServlet [http-nio-8080-exec-2] Completed initialization in 1 ms
2022-08-09 09:28:54,272 INFO com.svalero.deliveryAPI.controller.RestaurantController [http-nio-8080-exec-2] Add Restaurant 
2022-08-09 09:28:54,332 INFO com.svalero.deliveryAPI.controller.RestaurantController [http-nio-8080-exec-2] End Add Restaurant 
2022-08-09 09:28:54,575 INFO com.mongodb.diagnostics.logging.SLF4JLogger [nioEventLoopGroup-2-3] Opened connection [connectionId{localValue:3, serverValue:22}] to localhost:27017
2022-08-09 09:28:59,213 INFO com.svalero.deliveryAPI.controller.RestaurantController [http-nio-8080-exec-3] Start getRestaurant
2022-08-09 09:28:59,230 INFO com.svalero.deliveryAPI.controller.RestaurantController [http-nio-8080-exec-3] End getRestaurant
2022-08-09 09:43:11,261 INFO com.svalero.deliveryAPI.controller.UserController [http-nio-8080-exec-7] Find Users 
2022-08-09 09:43:11,264 INFO com.svalero.deliveryAPI.controller.UserController [http-nio-8080-exec-7] End Find Users 
2022-08-09 10:06:42,646 INFO com.svalero.deliveryAPI.controller.UserController [http-nio-8080-exec-10] Find Users 
2022-08-09 10:06:42,647 INFO com.svalero.deliveryAPI.controller.UserController [http-nio-8080-exec-10] End Find Users 
2022-08-09 10:10:11,146 INFO com.svalero.deliveryAPI.controller.UserController [http-nio-8080-exec-3] Find Users 
2022-08-09 10:10:11,148 INFO com.svalero.deliveryAPI.controller.UserController [http-nio-8080-exec-3] End Find Users 
2022-08-09 10:10:20,325 INFO com.svalero.deliveryAPI.controller.UserController [http-nio-8080-exec-5] Add Users by id:
2022-08-09 10:10:20,339 INFO com.svalero.deliveryAPI.controller.UserController [http-nio-8080-exec-5] End Add Users by id:
2022-08-09 10:10:22,962 INFO com.svalero.deliveryAPI.controller.UserController [http-nio-8080-exec-8] Add Users by id:
2022-08-09 10:10:22,964 INFO com.svalero.deliveryAPI.controller.UserController [http-nio-8080-exec-8] End Add Users by id:
2022-08-09 10:10:28,122 INFO com.svalero.deliveryAPI.controller.UserController [http-nio-8080-exec-10] Find Users 
2022-08-09 10:10:28,124 INFO com.svalero.deliveryAPI.controller.UserController [http-nio-8080-exec-10] End Find Users 
2022-08-09 10:11:17,379 INFO org.hibernate.validator.internal.util.Version [background-preinit] HV000001: Hibernate Validator 6.2.2.Final
2022-08-09 10:11:17,383 INFO org.springframework.boot.StartupInfoLogger [main] Starting DeliveryApiApplication using Java 11.0.11 on DESKTOP-7VUUI6T with PID 8540 (C:\Users\Rayben\Desktop\AA2_Acceso-a-datos-reac\target\classes started by Rayben in C:\Users\Rayben\Desktop\AA2_Acceso-a-datos-reac)
2022-08-09 10:11:17,385 INFO org.springframework.boot.SpringApplication [main] No active profile set, falling back to 1 default profile: "default"
2022-08-09 10:11:18,639 INFO org.springframework.data.repository.config.RepositoryConfigurationDelegate [main] Multiple Spring Data modules found, entering strict repository configuration mode!
2022-08-09 10:11:18,640 INFO org.springframework.data.repository.config.RepositoryConfigurationDelegate [main] Bootstrapping Spring Data JPA repositories in DEFAULT mode.
2022-08-09 10:11:18,710 INFO org.springframework.data.repository.config.RepositoryConfigurationExtensionSupport [main] Spring Data JPA - Could not safely identify store assignment for repository candidate interface com.svalero.deliveryAPI.repository.OrderRepository. If you want this repository to be a JPA repository, consider annotating your entities with one of these annotations: javax.persistence.Entity, javax.persistence.MappedSuperclass (preferred), or consider extending one of the following types with your repository: org.springframework.data.jpa.repository.JpaRepository.
2022-08-09 10:11:18,715 INFO org.springframework.data.repository.config.RepositoryConfigurationExtensionSupport [main] Spring Data JPA - Could not safely identify store assignment for repository candidate interface com.svalero.deliveryAPI.repository.RestaurantRepository. If you want this repository to be a JPA repository, consider annotating your entities with one of these annotations: javax.persistence.Entity, javax.persistence.MappedSuperclass (preferred), or consider extending one of the following types with your repository: org.springframework.data.jpa.repository.JpaRepository.
2022-08-09 10:11:18,721 INFO org.springframework.data.repository.config.RepositoryConfigurationExtensionSupport [main] Spring Data JPA - Could not safely identify store assignment for repository candidate interface com.svalero.deliveryAPI.repository.RiderRepository. If you want this repository to be a JPA repository, consider annotating your entities with one of these annotations: javax.persistence.Entity, javax.persistence.MappedSuperclass (preferred), or consider extending one of the following types with your repository: org.springframework.data.jpa.repository.JpaRepository.
2022-08-09 10:11:18,728 INFO org.springframework.data.repository.config.RepositoryConfigurationExtensionSupport [main] Spring Data JPA - Could not safely identify store assignment for repository candidate interface com.svalero.deliveryAPI.repository.UserRepository. If you want this repository to be a JPA repository, consider annotating your entities with one of these annotations: javax.persistence.Entity, javax.persistence.MappedSuperclass (preferred), or consider extending one of the following types with your repository: org.springframework.data.jpa.repository.JpaRepository.
2022-08-09 10:11:18,730 INFO org.springframework.data.repository.config.RepositoryConfigurationDelegate [main] Finished Spring Data repository scanning in 71 ms. Found 0 JPA repository interfaces.
2022-08-09 10:11:18,787 INFO org.springframework.data.repository.config.RepositoryConfigurationDelegate [main] Multiple Spring Data modules found, entering strict repository configuration mode!
2022-08-09 10:11:18,788 INFO org.springframework.data.repository.config.RepositoryConfigurationDelegate [main] Bootstrapping Spring Data Reactive MongoDB repositories in DEFAULT mode.
2022-08-09 10:11:18,878 INFO org.springframework.data.repository.config.RepositoryConfigurationDelegate [main] Finished Spring Data repository scanning in 90 ms. Found 4 Reactive MongoDB repository interfaces.
2022-08-09 10:11:20,080 INFO org.springframework.boot.web.embedded.tomcat.TomcatWebServer [main] Tomcat initialized with port(s): 8080 (http)
2022-08-09 10:11:20,100 INFO org.apache.juli.logging.DirectJDKLog [main] Initializing ProtocolHandler ["http-nio-8080"]
2022-08-09 10:11:20,101 INFO org.apache.juli.logging.DirectJDKLog [main] Starting service [Tomcat]
2022-08-09 10:11:20,102 INFO org.apache.juli.logging.DirectJDKLog [main] Starting Servlet engine: [Apache Tomcat/9.0.58]
2022-08-09 10:11:20,294 INFO org.apache.juli.logging.DirectJDKLog [main] Initializing Spring embedded WebApplicationContext
2022-08-09 10:11:20,294 INFO org.springframework.boot.web.servlet.context.ServletWebServerApplicationContext [main] Root WebApplicationContext: initialization completed in 2839 ms
2022-08-09 10:11:20,477 INFO com.zaxxer.hikari.HikariDataSource [main] HikariPool-1 - Starting...
2022-08-09 10:11:20,671 INFO com.zaxxer.hikari.HikariDataSource [main] HikariPool-1 - Start completed.
2022-08-09 10:11:20,747 INFO org.hibernate.jpa.internal.util.LogHelper [main] HHH000204: Processing PersistenceUnitInfo [name: default]
2022-08-09 10:11:20,852 INFO org.hibernate.Version [main] HHH000412: Hibernate ORM core version 5.6.5.Final
2022-08-09 10:11:21,091 INFO org.hibernate.annotations.common.reflection.java.JavaReflectionManager [main] HCANN000001: Hibernate Commons Annotations {5.1.2.Final}
2022-08-09 10:11:21,283 INFO org.hibernate.dialect.Dialect [main] HHH000400: Using dialect: org.hibernate.dialect.H2Dialect
2022-08-09 10:11:21,646 INFO org.hibernate.engine.transaction.jta.platform.internal.JtaPlatformInitiator [main] HHH000490: Using JtaPlatform implementation: [org.hibernate.engine.transaction.jta.platform.internal.NoJtaPlatform]
2022-08-09 10:11:21,659 INFO org.springframework.orm.jpa.AbstractEntityManagerFactoryBean [main] Initialized JPA EntityManagerFactory for persistence unit 'default'
2022-08-09 10:11:21,971 INFO com.mongodb.diagnostics.logging.SLF4JLogger [main] Cluster created with settings {hosts=[localhost:27017], mode=SINGLE, requiredClusterType=UNKNOWN, serverSelectionTimeout='30000 ms'}
2022-08-09 10:11:22,637 INFO com.mongodb.diagnostics.logging.SLF4JLogger [cluster-ClusterId{value='62f216a97944ad2ddec1ffd9', description='null'}-localhost:27017] Opened connection [connectionId{localValue:1, serverValue:23}] to localhost:27017
2022-08-09 10:11:22,637 INFO com.mongodb.diagnostics.logging.SLF4JLogger [cluster-rtt-ClusterId{value='62f216a97944ad2ddec1ffd9', description='null'}-localhost:27017] Opened connection [connectionId{localValue:2, serverValue:24}] to localhost:27017
2022-08-09 10:11:22,637 INFO com.mongodb.diagnostics.logging.SLF4JLogger [cluster-ClusterId{value='62f216a97944ad2ddec1ffd9', description='null'}-localhost:27017] Monitor thread successfully connected to server with description ServerDescription{address=localhost:27017, type=STANDALONE, state=CONNECTED, ok=true, minWireVersion=0, maxWireVersion=17, maxDocumentSize=16777216, logicalSessionTimeoutMinutes=30, roundTripTimeNanos=91251000}
2022-08-09 10:11:22,794 WARN org.springframework.boot.autoconfigure.orm.jpa.JpaBaseConfiguration$JpaWebConfiguration [main] spring.jpa.open-in-view is enabled by default. Therefore, database queries may be performed during view rendering. Explicitly configure spring.jpa.open-in-view to disable this warning
2022-08-09 10:11:23,324 INFO org.apache.juli.logging.DirectJDKLog [main] Starting ProtocolHandler ["http-nio-8080"]
2022-08-09 10:11:23,349 INFO org.springframework.boot.web.embedded.tomcat.TomcatWebServer [main] Tomcat started on port(s): 8080 (http) with context path ''
2022-08-09 10:11:23,362 INFO org.springframework.boot.StartupInfoLogger [main] Started DeliveryApiApplication in 6.62 seconds (JVM running for 7.721)
2022-08-09 10:12:13,112 INFO org.apache.juli.logging.DirectJDKLog [http-nio-8080-exec-2] Initializing Spring DispatcherServlet 'dispatcherServlet'
2022-08-09 10:12:13,114 INFO org.springframework.web.servlet.FrameworkServlet [http-nio-8080-exec-2] Initializing Servlet 'dispatcherServlet'
2022-08-09 10:12:13,117 INFO org.springframework.web.servlet.FrameworkServlet [http-nio-8080-exec-2] Completed initialization in 2 ms
2022-08-09 10:12:13,302 INFO com.svalero.deliveryAPI.controller.UserController [http-nio-8080-exec-2] Find Users 
2022-08-09 10:12:13,368 INFO com.svalero.deliveryAPI.controller.UserController [http-nio-8080-exec-2] End Find Users 
2022-08-09 10:12:13,581 INFO com.mongodb.diagnostics.logging.SLF4JLogger [nioEventLoopGroup-2-3] Opened connection [connectionId{localValue:3, serverValue:25}] to localhost:27017
2022-08-09 10:26:39,741 INFO com.svalero.deliveryAPI.controller.UserController [http-nio-8080-exec-5] Find Users 
2022-08-09 10:26:39,742 INFO com.svalero.deliveryAPI.controller.UserController [http-nio-8080-exec-5] End Find Users 
2022-08-09 10:28:05,100 INFO com.svalero.deliveryAPI.controller.UserController [http-nio-8080-exec-9] Find Users 
2022-08-09 10:28:05,102 INFO com.svalero.deliveryAPI.controller.UserController [http-nio-8080-exec-9] End Find Users 
2022-08-09 10:29:47,686 INFO com.svalero.deliveryAPI.controller.RiderController [http-nio-8080-exec-3] Find Riders 
2022-08-09 10:29:47,688 INFO com.svalero.deliveryAPI.controller.RiderController [http-nio-8080-exec-3] End Find Riders 
2022-08-09 10:29:52,156 INFO com.svalero.deliveryAPI.controller.RiderController [http-nio-8080-exec-5] Find Riders 
2022-08-09 10:29:52,158 INFO com.svalero.deliveryAPI.controller.RiderController [http-nio-8080-exec-5] End Find Riders 
2022-08-09 10:30:09,680 INFO com.svalero.deliveryAPI.controller.RiderController [http-nio-8080-exec-7] Find Riders 
2022-08-09 10:30:09,682 INFO com.svalero.deliveryAPI.controller.RiderController [http-nio-8080-exec-7] End Find Riders 
2022-08-09 10:30:29,514 INFO com.svalero.deliveryAPI.controller.RiderController [http-nio-8080-exec-9] Find Riders 
2022-08-09 10:30:29,516 INFO com.svalero.deliveryAPI.controller.RiderController [http-nio-8080-exec-9] End Find Riders 
2022-08-09 10:30:47,525 INFO com.svalero.deliveryAPI.controller.OrderController [http-nio-8080-exec-2] Get Orders
2022-08-09 10:30:47,528 INFO com.svalero.deliveryAPI.controller.OrderController [http-nio-8080-exec-2] End Get Orders
2022-08-09 10:31:12,866 INFO com.svalero.deliveryAPI.controller.RestaurantController [http-nio-8080-exec-3] Start getRestaurant
2022-08-09 10:31:12,868 INFO com.svalero.deliveryAPI.controller.RestaurantController [http-nio-8080-exec-3] End getRestaurant
2022-08-09 10:32:30,758 INFO com.svalero.deliveryAPI.controller.UserController [http-nio-8080-exec-7] Add Users by id:
2022-08-09 10:32:30,769 INFO com.svalero.deliveryAPI.controller.UserController [http-nio-8080-exec-7] End Add Users by id:
2022-08-09 10:34:03,391 INFO com.svalero.deliveryAPI.controller.OrderController [http-nio-8080-exec-2] Add Order: 
2022-08-09 10:34:10,474 INFO com.svalero.deliveryAPI.controller.OrderController [http-nio-8080-exec-3] Add Order: 
